# JRE version: OpenJDK Runtime Environment (8.0_362-b09) (build 1.8.0_362-b09)
# Java VM: OpenJDK 64-Bit Server VM (25.362-b09 mixed mode windows-amd64 compressed oops)
Heap:
 def new generation   total 78656K, used 16716K [0x00000000a2400000, 0x00000000a7950000, 0x00000000c1800000)
  eden space 69952K,  15% used [0x00000000a2400000, 0x00000000a2ed4fb8, 0x00000000a6850000)
  from space 8704K,  64% used [0x00000000a6850000, 0x00000000a6dce138, 0x00000000a70d0000)
  to   space 8704K,   0% used [0x00000000a70d0000, 0x00000000a70d0000, 0x00000000a7950000)
 tenured generation   total 174784K, used 10416K [0x00000000c1800000, 0x00000000cc2b0000, 0x0000000100000000)
   the space 174784K,   5% used [0x00000000c1800000, 0x00000000c222c248, 0x00000000c222c400, 0x00000000cc2b0000)
 Metaspace       used 13952K, capacity 14106K, committed 14336K, reserved 1062912K
  class space    used 1476K, capacity 1503K, committed 1536K, reserved 1048576K
GC Heap History (8 events):
Event: 1.073 GC heap before
{Heap before GC invocations=0 (full 0):
 def new generation   total 78656K, used 69952K [0x00000000a2400000, 0x00000000a7950000, 0x00000000c1800000)
  eden space 69952K, 100% used [0x00000000a2400000, 0x00000000a6850000, 0x00000000a6850000)
  from space 8704K,   0% used [0x00000000a6850000, 0x00000000a6850000, 0x00000000a70d0000)
  to   space 8704K,   0% used [0x00000000a70d0000, 0x00000000a70d0000, 0x00000000a7950000)
 tenured generation   total 174784K, used 0K [0x00000000c1800000, 0x00000000cc2b0000, 0x0000000100000000)
   the space 174784K,   0% used [0x00000000c1800000, 0x00000000c1800000, 0x00000000c1800200, 0x00000000cc2b0000)
 Metaspace       used 8775K, capacity 8824K, committed 8960K, reserved 1056768K
  class space    used 890K, capacity 916K, committed 1024K, reserved 1048576K
Event: 1.096 GC heap after
Heap after GC invocations=1 (full 0):
 def new generation   total 78656K, used 8704K [0x00000000a2400000, 0x00000000a7950000, 0x00000000c1800000)
  eden space 69952K,   0% used [0x00000000a2400000, 0x00000000a2400000, 0x00000000a6850000)
  from space 8704K, 100% used [0x00000000a70d0000, 0x00000000a7950000, 0x00000000a7950000)
  to   space 8704K,   0% used [0x00000000a6850000, 0x00000000a6850000, 0x00000000a70d0000)
 tenured generation   total 174784K, used 1161K [0x00000000c1800000, 0x00000000cc2b0000, 0x0000000100000000)
   the space 174784K,   0% used [0x00000000c1800000, 0x00000000c19227d8, 0x00000000c1922800, 0x00000000cc2b0000)
 Metaspace       used 8775K, capacity 8824K, committed 8960K, reserved 1056768K
  class space    used 890K, capacity 916K, committed 1024K, reserved 1048576K
}
Event: 2.053 GC heap before
{Heap before GC invocations=1 (full 0):
 def new generation   total 78656K, used 78656K [0x00000000a2400000, 0x00000000a7950000, 0x00000000c1800000)
  eden space 69952K, 100% used [0x00000000a2400000, 0x00000000a6850000, 0x00000000a6850000)
  from space 8704K, 100% used [0x00000000a70d0000, 0x00000000a7950000, 0x00000000a7950000)
  to   space 8704K,   0% used [0x00000000a6850000, 0x00000000a6850000, 0x00000000a70d0000)
 tenured generation   total 174784K, used 1161K [0x00000000c1800000, 0x00000000cc2b0000, 0x0000000100000000)
   the space 174784K,   0% used [0x00000000c1800000, 0x00000000c19227d8, 0x00000000c1922800, 0x00000000cc2b0000)
 Metaspace       used 13666K, capacity 13850K, committed 14080K, reserved 1062912K
  class space    used 1474K, capacity 1503K, committed 1536K, reserved 1048576K
Event: 2.083 GC heap after
Heap after GC invocations=2 (full 0):
 def new generation   total 78656K, used 7899K [0x00000000a2400000, 0x00000000a7950000, 0x00000000c1800000)
  eden space 69952K,   0% used [0x00000000a2400000, 0x00000000a2400000, 0x00000000a6850000)
  from space 8704K,  90% used [0x00000000a6850000, 0x00000000a7006ee0, 0x00000000a70d0000)
  to   space 8704K,   0% used [0x00000000a70d0000, 0x00000000a70d0000, 0x00000000a7950000)
 tenured generation   total 174784K, used 8689K [0x00000000c1800000, 0x00000000cc2b0000, 0x0000000100000000)
   the space 174784K,   4% used [0x00000000c1800000, 0x00000000c207c638, 0x00000000c207c800, 0x00000000cc2b0000)
 Metaspace       used 13666K, capacity 13850K, committed 14080K, reserved 1062912K
  class space    used 1474K, capacity 1503K, committed 1536K, reserved 1048576K
}
Event: 2.601 GC heap before
{Heap before GC invocations=2 (full 0):
 def new generation   total 78656K, used 77851K [0x00000000a2400000, 0x00000000a7950000, 0x00000000c1800000)
  eden space 69952K, 100% used [0x00000000a2400000, 0x00000000a6850000, 0x00000000a6850000)
  from space 8704K,  90% used [0x00000000a6850000, 0x00000000a7006ee0, 0x00000000a70d0000)
  to   space 8704K,   0% used [0x00000000a70d0000, 0x00000000a70d0000, 0x00000000a7950000)
 tenured generation   total 174784K, used 8689K [0x00000000c1800000, 0x00000000cc2b0000, 0x0000000100000000)
   the space 174784K,   4% used [0x00000000c1800000, 0x00000000c207c638, 0x00000000c207c800, 0x00000000cc2b0000)
 Metaspace       used 13879K, capacity 14042K, committed 14080K, reserved 1062912K
  class space    used 1475K, capacity 1503K, committed 1536K, reserved 1048576K
Event: 2.613 GC heap after
Heap after GC invocations=3 (full 0):
 def new generation   total 78656K, used 5488K [0x00000000a2400000, 0x00000000a7950000, 0x00000000c1800000)
  eden space 69952K,   0% used [0x00000000a2400000, 0x00000000a2400000, 0x00000000a6850000)
  from space 8704K,  63% used [0x00000000a70d0000, 0x00000000a762c268, 0x00000000a7950000)
  to   space 8704K,   0% used [0x00000000a6850000, 0x00000000a6850000, 0x00000000a70d0000)
 tenured generation   total 174784K, used 10221K [0x00000000c1800000, 0x00000000cc2b0000, 0x0000000100000000)
   the space 174784K,   5% used [0x00000000c1800000, 0x00000000c21fb620, 0x00000000c21fb800, 0x00000000cc2b0000)
 Metaspace       used 13879K, capacity 14042K, committed 14080K, reserved 1062912K
  class space    used 1475K, capacity 1503K, committed 1536K, reserved 1048576K
}
Event: 3.256 GC heap before
{Heap before GC invocations=3 (full 0):
 def new generation   total 78656K, used 75440K [0x00000000a2400000, 0x00000000a7950000, 0x00000000c1800000)
  eden space 69952K, 100% used [0x00000000a2400000, 0x00000000a6850000, 0x00000000a6850000)
  from space 8704K,  63% used [0x00000000a70d0000, 0x00000000a762c268, 0x00000000a7950000)
  to   space 8704K,   0% used [0x00000000a6850000, 0x00000000a6850000, 0x00000000a70d0000)
 tenured generation   total 174784K, used 10221K [0x00000000c1800000, 0x00000000cc2b0000, 0x0000000100000000)
   the space 174784K,   5% used [0x00000000c1800000, 0x00000000c21fb620, 0x00000000c21fb800, 0x00000000cc2b0000)
 Metaspace       used 13949K, capacity 14106K, committed 14336K, reserved 1062912K
  class space    used 1476K, capacity 1503K, committed 1536K, reserved 1048576K
Event: 3.266 GC heap after
Heap after GC invocations=4 (full 0):
 def new generation   total 78656K, used 5624K [0x00000000a2400000, 0x00000000a7950000, 0x00000000c1800000)
  eden space 69952K,   0% used [0x00000000a2400000, 0x00000000a2400000, 0x00000000a6850000)
  from space 8704K,  64% used [0x00000000a6850000, 0x00000000a6dce138, 0x00000000a70d0000)
  to   space 8704K,   0% used [0x00000000a70d0000, 0x00000000a70d0000, 0x00000000a7950000)
 tenured generation   total 174784K, used 10416K [0x00000000c1800000, 0x00000000cc2b0000, 0x0000000100000000)
   the space 174784K,   5% used [0x00000000c1800000, 0x00000000c222c248, 0x00000000c222c400, 0x00000000cc2b0000)
 Metaspace       used 13949K, capacity 14106K, committed 14336K, reserved 1062912K
  class space    used 1476K, capacity 1503K, committed 1536K, reserved 1048576K
}

